SF:lib/infraestructure/driven_adapter/database/errors/db_helper_error.dart
DA:3,1
LF:1
LH:1
end_of_record
SF:lib/infraestructure/driven_adapter/database/db_helper.dart
DA:11,4
DA:12,4
DA:15,4
DA:16,4
DA:17,1
DA:18,1
DA:26,0
DA:32,3
DA:33,3
DA:36,4
DA:38,0
DA:44,3
DA:45,3
DA:48,2
DA:54,0
DA:58,2
DA:64,2
DA:67,2
DA:69,2
DA:71,2
DA:74,0
DA:79,3
DA:84,3
DA:87,2
DA:89,2
DA:90,2
DA:93,0
DA:98,1
DA:99,1
DA:102,1
DA:104,0
LF:31
LH:25
end_of_record
SF:lib/app/app.dart
DA:9,2
DA:11,2
DA:13,2
DA:14,4
DA:15,2
DA:17,2
DA:18,2
DA:19,2
DA:20,1
DA:21,1
DA:24,2
DA:25,2
DA:26,2
DA:31,4
LF:14
LH:14
end_of_record
SF:lib/presentation/pages/add_task/add_task.dart
DA:8,12
DA:10,3
DA:11,3
DA:18,3
DA:20,6
DA:21,6
DA:22,3
DA:25,3
DA:27,3
DA:28,3
DA:29,3
DA:30,3
DA:31,0
DA:32,0
DA:35,6
DA:36,3
DA:39,3
DA:40,3
DA:41,3
DA:42,3
DA:44,3
DA:45,3
DA:47,3
DA:49,3
DA:52,3
DA:53,3
DA:54,3
DA:57,3
DA:58,1
DA:59,1
DA:66,3
DA:68,3
DA:69,3
DA:72,3
DA:73,3
DA:74,3
DA:77,3
DA:78,1
DA:79,1
DA:87,3
DA:88,3
DA:89,3
DA:91,1
DA:92,3
DA:93,2
DA:94,1
DA:95,2
DA:96,2
DA:100,3
LF:49
LH:47
end_of_record
SF:lib/config/bloc/task_event.dart
DA:4,8
DA:9,1
DA:10,1
DA:19,3
DA:25,1
DA:26,4
DA:28,1
DA:33,1
DA:34,0
DA:35,1
DA:36,1
DA:44,3
DA:46,1
DA:47,2
DA:55,3
DA:57,1
DA:58,1
DA:61,1
DA:62,2
LF:19
LH:18
end_of_record
SF:lib/config/bloc/task_state.dart
DA:6,16
DA:8,5
DA:9,10
DA:11,4
DA:12,4
LF:5
LH:5
end_of_record
SF:lib/config/bloc/task_bloc.dart
DA:15,12
DA:16,12
DA:17,12
DA:18,12
DA:19,12
DA:22,4
DA:23,4
DA:26,2
DA:27,2
DA:31,0
DA:36,4
DA:37,4
DA:38,2
DA:41,1
DA:42,0
DA:43,0
DA:44,0
DA:45,0
DA:47,1
DA:49,3
DA:53,2
DA:55,2
DA:56,2
DA:57,2
DA:58,2
DA:59,2
DA:62,4
DA:63,2
DA:64,2
DA:65,2
DA:66,2
DA:69,8
DA:70,6
DA:73,2
DA:76,16
DA:77,4
DA:78,3
DA:81,2
DA:83,7
DA:84,4
DA:85,3
DA:86,2
DA:87,3
DA:88,2
DA:89,5
DA:90,1
DA:91,2
DA:92,2
DA:93,2
DA:94,2
DA:98,2
DA:99,6
LF:52
LH:47
end_of_record
SF:lib/presentation/pages/list_task/list_task.dart
DA:13,12
DA:15,3
DA:16,3
DA:22,3
DA:26,3
DA:27,9
DA:28,12
DA:32,3
DA:34,3
DA:37,3
DA:40,3
DA:43,1
DA:44,1
DA:47,1
DA:49,0
DA:51,1
DA:52,0
DA:56,3
DA:58,3
DA:59,3
DA:61,6
DA:62,3
DA:63,3
DA:64,6
DA:65,3
DA:67,3
DA:71,1
DA:72,1
DA:76,3
DA:77,6
DA:78,3
DA:80,3
DA:84,1
DA:85,1
DA:91,3
DA:93,3
DA:94,6
DA:97,2
DA:98,4
DA:102,3
DA:105,3
DA:106,3
DA:107,6
DA:108,1
DA:109,2
DA:110,1
DA:112,1
DA:113,1
DA:115,1
DA:117,1
DA:118,1
DA:119,0
DA:120,0
DA:121,0
DA:122,0
DA:123,0
DA:124,0
DA:126,0
DA:127,0
DA:129,0
DA:133,3
DA:135,2
DA:139,1
DA:140,0
DA:141,0
DA:142,0
DA:143,0
DA:144,0
DA:145,0
DA:146,0
DA:147,0
DA:156,1
DA:157,1
DA:158,4
DA:160,1
DA:169,1
DA:170,3
DA:171,3
DA:172,1
DA:173,1
DA:174,2
DA:175,2
DA:176,1
DA:177,1
DA:178,1
DA:179,1
DA:181,1
DA:185,1
LF:88
LH:69
end_of_record
SF:lib/domain/models/task.dart
DA:9,8
DA:16,1
DA:22,1
DA:23,1
DA:24,1
DA:25,1
DA:26,1
DA:30,2
DA:31,10
LF:9
LH:9
end_of_record
SF:lib/presentation/pages/edit_task/edit_task.dart
DA:9,1
DA:15,1
DA:21,1
DA:22,1
DA:30,1
DA:32,4
DA:33,4
DA:34,1
DA:37,1
DA:39,2
DA:40,2
DA:41,1
DA:44,1
DA:46,1
DA:47,1
DA:48,1
DA:49,1
DA:50,0
DA:51,0
DA:54,2
DA:55,1
DA:58,1
DA:59,1
DA:60,1
DA:61,1
DA:63,1
DA:64,1
DA:66,1
DA:68,1
DA:71,1
DA:72,1
DA:73,1
DA:76,1
DA:77,1
DA:78,1
DA:85,1
DA:87,1
DA:88,1
DA:91,1
DA:92,1
DA:93,1
DA:96,1
DA:97,1
DA:98,1
DA:106,1
DA:107,1
DA:108,1
DA:110,1
DA:111,3
DA:112,1
DA:113,2
DA:114,2
DA:115,2
DA:116,3
DA:118,3
DA:120,3
LF:56
LH:54
end_of_record
